2018-04-01 19:55:13  INFO ContextLoader.initWebApplicationContext(285) | Root WebApplicationContext: initialization started
2018-04-01 19:55:13  INFO XmlWebApplicationContext.prepareRefresh(510) | Refreshing Root WebApplicationContext: startup date [Sun Apr 01 19:55:13 CST 2018]; root of context hierarchy
2018-04-01 19:55:13  INFO XmlBeanDefinitionReader.loadBeanDefinitions(317) | Loading XML bean definitions from file [C:\Users\Administrator\Desktop\临时文件夹\hj\hpetshop-manager\hpetshop-manager-web\target\classes\spring\applicationContext-dao.xml]
2018-04-01 19:55:14  INFO XmlBeanDefinitionReader.loadBeanDefinitions(317) | Loading XML bean definitions from file [C:\Users\Administrator\Desktop\临时文件夹\hj\hpetshop-manager\hpetshop-manager-web\target\classes\spring\applicationContext-service.xml]
2018-04-01 19:55:14  INFO PropertySourcesPlaceholderConfigurer.loadProperties(172) | Loading properties file from file [C:\Users\Administrator\Desktop\临时文件夹\hj\hpetshop-manager\hpetshop-manager-web\target\classes\resource\ftp.properties]
2018-04-01 19:55:14  INFO PropertySourcesPlaceholderConfigurer.loadProperties(172) | Loading properties file from file [C:\Users\Administrator\Desktop\临时文件夹\hj\hpetshop-manager\hpetshop-manager-web\target\classes\resource\jdbc.properties]
2018-04-01 19:55:14  INFO PropertySourcesPlaceholderConfigurer.loadProperties(172) | Loading properties file from file [C:\Users\Administrator\Desktop\临时文件夹\hj\hpetshop-manager\hpetshop-manager-web\target\classes\resource\redis.properties]
2018-04-01 19:55:14  INFO PropertySourcesPlaceholderConfigurer.loadProperties(172) | Loading properties file from file [C:\Users\Administrator\Desktop\临时文件夹\hj\hpetshop-manager\hpetshop-manager-web\target\classes\resource\solr.properties]
2018-04-01 19:55:14  INFO AutowiredAnnotationBeanPostProcessor.<init>(153) | JSR-330 'javax.inject.Inject' annotation found and supported for autowiring
2018-04-01 19:55:15  INFO ContextLoader.initWebApplicationContext(325) | Root WebApplicationContext: initialization completed in 2041 ms
2018-04-01 19:55:15  INFO DispatcherServlet.initServletBean(484) | FrameworkServlet 'hpetshop-manager': initialization started
2018-04-01 19:55:15  INFO XmlWebApplicationContext.prepareRefresh(510) | Refreshing WebApplicationContext for namespace 'hpetshop-manager-servlet': startup date [Sun Apr 01 19:55:15 CST 2018]; parent: Root WebApplicationContext
2018-04-01 19:55:15  INFO XmlBeanDefinitionReader.loadBeanDefinitions(317) | Loading XML bean definitions from class path resource [spring/springmvc.xml]
2018-04-01 19:55:16  INFO AutowiredAnnotationBeanPostProcessor.<init>(153) | JSR-330 'javax.inject.Inject' annotation found and supported for autowiring
2018-04-01 19:55:16  INFO RequestMappingHandlerMapping.registerHandlerMethod(220) | Mapped "{[/content/category/list],methods=[],params=[],headers=[],consumes=[],produces=[],custom=[]}" onto public java.util.List<com.hpetshop.dto.CMSTreeNodeDTO> com.hpetshop.controller.ContentcategoryController.getContentcategroy(java.lang.Long)
2018-04-01 19:55:16  INFO RequestMappingHandlerMapping.registerHandlerMethod(220) | Mapped "{[/content/category/create],methods=[],params=[],headers=[],consumes=[],produces=[],custom=[]}" onto public com.hpetshop.utils.Result com.hpetshop.controller.ContentcategoryController.insertContentcategroy(java.lang.Long,java.lang.String)
2018-04-01 19:55:16  INFO RequestMappingHandlerMapping.registerHandlerMethod(220) | Mapped "{[/content/category/update],methods=[],params=[],headers=[],consumes=[],produces=[],custom=[]}" onto public com.hpetshop.utils.Result com.hpetshop.controller.ContentcategoryController.updateContentcategroyName(java.lang.Long,java.lang.String)
2018-04-01 19:55:16  INFO RequestMappingHandlerMapping.registerHandlerMethod(220) | Mapped "{[/content/category/delete],methods=[],params=[],headers=[],consumes=[],produces=[],custom=[]}" onto public com.hpetshop.utils.Result com.hpetshop.controller.ContentcategoryController.deleteContentcategroy(long)
2018-04-01 19:55:16  INFO RequestMappingHandlerMapping.registerHandlerMethod(220) | Mapped "{[/content/query/list],methods=[],params=[],headers=[],consumes=[],produces=[],custom=[]}" onto public com.hpetshop.dto.AllPageDTO com.hpetshop.controller.ContentController.getContent(java.lang.Integer,java.lang.Integer,java.lang.Long)
2018-04-01 19:55:16  INFO RequestMappingHandlerMapping.registerHandlerMethod(220) | Mapped "{[/content/delete],methods=[],params=[],headers=[],consumes=[],produces=[],custom=[]}" onto public com.hpetshop.utils.Result com.hpetshop.controller.ContentController.deleteConent(java.lang.String)
2018-04-01 19:55:16  INFO RequestMappingHandlerMapping.registerHandlerMethod(220) | Mapped "{[/rest/content/edit],methods=[],params=[],headers=[],consumes=[],produces=[],custom=[]}" onto public com.hpetshop.utils.Result com.hpetshop.controller.ContentController.updateContent(com.hpetshop.pojo.HpContent)
2018-04-01 19:55:16  INFO RequestMappingHandlerMapping.registerHandlerMethod(220) | Mapped "{[/content/save],methods=[],params=[],headers=[],consumes=[],produces=[],custom=[]}" onto public com.hpetshop.utils.Result com.hpetshop.controller.ContentController.saveContent(com.hpetshop.pojo.HpContent)
2018-04-01 19:55:16  INFO RequestMappingHandlerMapping.registerHandlerMethod(220) | Mapped "{[/item/cat/list],methods=[],params=[],headers=[],consumes=[],produces=[],custom=[]}" onto public java.util.List<com.hpetshop.dto.TypeNodeDTO> com.hpetshop.controller.ItemCatController.getItemCatList(java.lang.Long)
2018-04-01 19:55:16  INFO RequestMappingHandlerMapping.registerHandlerMethod(220) | Mapped "{[/item/instock],methods=[],params=[],headers=[],consumes=[],produces=[],custom=[]}" onto public com.hpetshop.utils.Result com.hpetshop.controller.ItemController.updateItemInstock(java.lang.String)
2018-04-01 19:55:16  INFO RequestMappingHandlerMapping.registerHandlerMethod(220) | Mapped "{[/item/reshelf],methods=[],params=[],headers=[],consumes=[],produces=[],custom=[]}" onto public com.hpetshop.utils.Result com.hpetshop.controller.ItemController.updateItemReshelf(java.lang.String)
2018-04-01 19:55:16  INFO RequestMappingHandlerMapping.registerHandlerMethod(220) | Mapped "{[/item/save],methods=[POST],params=[],headers=[],consumes=[],produces=[],custom=[]}" onto public com.hpetshop.utils.Result com.hpetshop.controller.ItemController.saveItem(com.hpetshop.pojo.HpItem,java.lang.String,java.lang.String)
2018-04-01 19:55:16  INFO RequestMappingHandlerMapping.registerHandlerMethod(220) | Mapped "{[/item/{itemId}],methods=[],params=[],headers=[],consumes=[],produces=[],custom=[]}" onto public com.hpetshop.pojo.HpItem com.hpetshop.controller.ItemController.getItemById(java.lang.Long)
2018-04-01 19:55:16  INFO RequestMappingHandlerMapping.registerHandlerMethod(220) | Mapped "{[/item/list],methods=[],params=[],headers=[],consumes=[],produces=[],custom=[]}" onto public com.hpetshop.dto.AllPageDTO com.hpetshop.controller.ItemController.getItemList(java.lang.Integer,java.lang.Integer)
2018-04-01 19:55:16  INFO RequestMappingHandlerMapping.registerHandlerMethod(220) | Mapped "{[/item/delete],methods=[POST],params=[],headers=[],consumes=[],produces=[],custom=[]}" onto public com.hpetshop.utils.Result com.hpetshop.controller.ItemController.deleteItem(java.lang.String)
2018-04-01 19:55:16  INFO RequestMappingHandlerMapping.registerHandlerMethod(220) | Mapped "{[/item/update],methods=[POST],params=[],headers=[],consumes=[],produces=[],custom=[]}" onto public com.hpetshop.utils.Result com.hpetshop.controller.ItemController.updateItem(com.hpetshop.pojo.HpItem,java.lang.String)
2018-04-01 19:55:16  INFO RequestMappingHandlerMapping.registerHandlerMethod(220) | Mapped "{[/item/param/query/itemcatid/{itemCatId}],methods=[],params=[],headers=[],consumes=[],produces=[],custom=[]}" onto public com.hpetshop.utils.Result com.hpetshop.controller.ItemParamController.findItemParamByItemCatId(java.lang.Long)
2018-04-01 19:55:16  INFO RequestMappingHandlerMapping.registerHandlerMethod(220) | Mapped "{[/item/param/save/{itemCatId}],methods=[],params=[],headers=[],consumes=[],produces=[],custom=[]}" onto public com.hpetshop.utils.Result com.hpetshop.controller.ItemParamController.insertItemParam(java.lang.Long,java.lang.String)
2018-04-01 19:55:16  INFO RequestMappingHandlerMapping.registerHandlerMethod(220) | Mapped "{[/show/item/{itemId}],methods=[],params=[],headers=[],consumes=[],produces=[],custom=[]}" onto public java.lang.String com.hpetshop.controller.ItemParamItemController.getItemParamItemById(java.lang.Long,org.springframework.ui.Model)
2018-04-01 19:55:16  INFO RequestMappingHandlerMapping.registerHandlerMethod(220) | Mapped "{[/],methods=[],params=[],headers=[],consumes=[],produces=[],custom=[]}" onto public java.lang.String com.hpetshop.controller.PageContorller.showIndex()
2018-04-01 19:55:16  INFO RequestMappingHandlerMapping.registerHandlerMethod(220) | Mapped "{[/{page}],methods=[],params=[],headers=[],consumes=[],produces=[],custom=[]}" onto public java.lang.String com.hpetshop.controller.PageContorller.showpage(java.lang.String)
2018-04-01 19:55:16  INFO RequestMappingHandlerMapping.registerHandlerMethod(220) | Mapped "{[/pic/upload],methods=[],params=[],headers=[],consumes=[],produces=[],custom=[]}" onto public java.lang.String com.hpetshop.controller.PicController.PicUpdate(org.springframework.web.multipart.MultipartFile)
2018-04-01 19:55:16  INFO RequestMappingHandlerAdapter.initControllerAdviceCache(518) | Looking for @ControllerAdvice: WebApplicationContext for namespace 'hpetshop-manager-servlet': startup date [Sun Apr 01 19:55:15 CST 2018]; parent: Root WebApplicationContext
2018-04-01 19:55:16  INFO RequestMappingHandlerAdapter.initControllerAdviceCache(518) | Looking for @ControllerAdvice: WebApplicationContext for namespace 'hpetshop-manager-servlet': startup date [Sun Apr 01 19:55:15 CST 2018]; parent: Root WebApplicationContext
2018-04-01 19:55:16  INFO SimpleUrlHandlerMapping.registerHandler(314) | Mapped URL path [/css/**] onto handler 'org.springframework.web.servlet.resource.ResourceHttpRequestHandler#0'
2018-04-01 19:55:16  INFO SimpleUrlHandlerMapping.registerHandler(314) | Mapped URL path [/js/**] onto handler 'org.springframework.web.servlet.resource.ResourceHttpRequestHandler#1'
2018-04-01 19:55:16  INFO SimpleUrlHandlerMapping.registerHandler(314) | Mapped URL path [/img/**] onto handler 'org.springframework.web.servlet.resource.ResourceHttpRequestHandler#2'
2018-04-01 19:55:16  INFO DispatcherServlet.initServletBean(503) | FrameworkServlet 'hpetshop-manager': initialization completed in 902 ms
2018-04-01 19:55:53  INFO ItemService.updateItem(224) | 返回的json为
2018-04-01 19:55:54  INFO ItemService.updateItem(224) | 返回的json为
2018-04-01 19:58:13  INFO ItemService.updateItem(224) | 返回的json为{"status":200,"msg":"OK","data":null}
2018-04-01 19:58:53  INFO ItemService.updateItem(224) | 返回的json为{"status":200,"msg":"OK","data":null}
2018-04-01 20:00:38  INFO ContextLoader.initWebApplicationContext(285) | Root WebApplicationContext: initialization started
2018-04-01 20:00:38  INFO XmlWebApplicationContext.prepareRefresh(510) | Refreshing Root WebApplicationContext: startup date [Sun Apr 01 20:00:38 CST 2018]; root of context hierarchy
2018-04-01 20:00:38  INFO XmlBeanDefinitionReader.loadBeanDefinitions(317) | Loading XML bean definitions from file [C:\Users\Administrator\Desktop\临时文件夹\hj\hpetshop-manager\hpetshop-manager-web\target\classes\spring\applicationContext-dao.xml]
2018-04-01 20:00:38  INFO XmlBeanDefinitionReader.loadBeanDefinitions(317) | Loading XML bean definitions from file [C:\Users\Administrator\Desktop\临时文件夹\hj\hpetshop-manager\hpetshop-manager-web\target\classes\spring\applicationContext-service.xml]
2018-04-01 20:00:39  INFO PropertySourcesPlaceholderConfigurer.loadProperties(172) | Loading properties file from file [C:\Users\Administrator\Desktop\临时文件夹\hj\hpetshop-manager\hpetshop-manager-web\target\classes\resource\ftp.properties]
2018-04-01 20:00:39  INFO PropertySourcesPlaceholderConfigurer.loadProperties(172) | Loading properties file from file [C:\Users\Administrator\Desktop\临时文件夹\hj\hpetshop-manager\hpetshop-manager-web\target\classes\resource\jdbc.properties]
2018-04-01 20:00:39  INFO PropertySourcesPlaceholderConfigurer.loadProperties(172) | Loading properties file from file [C:\Users\Administrator\Desktop\临时文件夹\hj\hpetshop-manager\hpetshop-manager-web\target\classes\resource\redis.properties]
2018-04-01 20:00:39  INFO PropertySourcesPlaceholderConfigurer.loadProperties(172) | Loading properties file from file [C:\Users\Administrator\Desktop\临时文件夹\hj\hpetshop-manager\hpetshop-manager-web\target\classes\resource\solr.properties]
2018-04-01 20:00:39  INFO AutowiredAnnotationBeanPostProcessor.<init>(153) | JSR-330 'javax.inject.Inject' annotation found and supported for autowiring
2018-04-01 20:00:41  INFO ContextLoader.initWebApplicationContext(325) | Root WebApplicationContext: initialization completed in 2657 ms
2018-04-01 20:00:41  INFO DispatcherServlet.initServletBean(484) | FrameworkServlet 'hpetshop-manager': initialization started
2018-04-01 20:00:41  INFO XmlWebApplicationContext.prepareRefresh(510) | Refreshing WebApplicationContext for namespace 'hpetshop-manager-servlet': startup date [Sun Apr 01 20:00:41 CST 2018]; parent: Root WebApplicationContext
2018-04-01 20:00:41  INFO XmlBeanDefinitionReader.loadBeanDefinitions(317) | Loading XML bean definitions from class path resource [spring/springmvc.xml]
2018-04-01 20:00:41  INFO AutowiredAnnotationBeanPostProcessor.<init>(153) | JSR-330 'javax.inject.Inject' annotation found and supported for autowiring
2018-04-01 20:00:41  INFO RequestMappingHandlerMapping.registerHandlerMethod(220) | Mapped "{[/content/category/list],methods=[],params=[],headers=[],consumes=[],produces=[],custom=[]}" onto public java.util.List<com.hpetshop.dto.CMSTreeNodeDTO> com.hpetshop.controller.ContentcategoryController.getContentcategroy(java.lang.Long)
2018-04-01 20:00:41  INFO RequestMappingHandlerMapping.registerHandlerMethod(220) | Mapped "{[/content/category/create],methods=[],params=[],headers=[],consumes=[],produces=[],custom=[]}" onto public com.hpetshop.utils.Result com.hpetshop.controller.ContentcategoryController.insertContentcategroy(java.lang.Long,java.lang.String)
2018-04-01 20:00:41  INFO RequestMappingHandlerMapping.registerHandlerMethod(220) | Mapped "{[/content/category/update],methods=[],params=[],headers=[],consumes=[],produces=[],custom=[]}" onto public com.hpetshop.utils.Result com.hpetshop.controller.ContentcategoryController.updateContentcategroyName(java.lang.Long,java.lang.String)
2018-04-01 20:00:41  INFO RequestMappingHandlerMapping.registerHandlerMethod(220) | Mapped "{[/content/category/delete],methods=[],params=[],headers=[],consumes=[],produces=[],custom=[]}" onto public com.hpetshop.utils.Result com.hpetshop.controller.ContentcategoryController.deleteContentcategroy(long)
2018-04-01 20:00:41  INFO RequestMappingHandlerMapping.registerHandlerMethod(220) | Mapped "{[/content/query/list],methods=[],params=[],headers=[],consumes=[],produces=[],custom=[]}" onto public com.hpetshop.dto.AllPageDTO com.hpetshop.controller.ContentController.getContent(java.lang.Integer,java.lang.Integer,java.lang.Long)
2018-04-01 20:00:41  INFO RequestMappingHandlerMapping.registerHandlerMethod(220) | Mapped "{[/rest/content/edit],methods=[],params=[],headers=[],consumes=[],produces=[],custom=[]}" onto public com.hpetshop.utils.Result com.hpetshop.controller.ContentController.updateContent(com.hpetshop.pojo.HpContent)
2018-04-01 20:00:41  INFO RequestMappingHandlerMapping.registerHandlerMethod(220) | Mapped "{[/content/save],methods=[],params=[],headers=[],consumes=[],produces=[],custom=[]}" onto public com.hpetshop.utils.Result com.hpetshop.controller.ContentController.saveContent(com.hpetshop.pojo.HpContent)
2018-04-01 20:00:41  INFO RequestMappingHandlerMapping.registerHandlerMethod(220) | Mapped "{[/content/delete],methods=[],params=[],headers=[],consumes=[],produces=[],custom=[]}" onto public com.hpetshop.utils.Result com.hpetshop.controller.ContentController.deleteConent(java.lang.String)
2018-04-01 20:00:41  INFO RequestMappingHandlerMapping.registerHandlerMethod(220) | Mapped "{[/item/cat/list],methods=[],params=[],headers=[],consumes=[],produces=[],custom=[]}" onto public java.util.List<com.hpetshop.dto.TypeNodeDTO> com.hpetshop.controller.ItemCatController.getItemCatList(java.lang.Long)
2018-04-01 20:00:41  INFO RequestMappingHandlerMapping.registerHandlerMethod(220) | Mapped "{[/item/{itemId}],methods=[],params=[],headers=[],consumes=[],produces=[],custom=[]}" onto public com.hpetshop.pojo.HpItem com.hpetshop.controller.ItemController.getItemById(java.lang.Long)
2018-04-01 20:00:41  INFO RequestMappingHandlerMapping.registerHandlerMethod(220) | Mapped "{[/item/list],methods=[],params=[],headers=[],consumes=[],produces=[],custom=[]}" onto public com.hpetshop.dto.AllPageDTO com.hpetshop.controller.ItemController.getItemList(java.lang.Integer,java.lang.Integer)
2018-04-01 20:00:41  INFO RequestMappingHandlerMapping.registerHandlerMethod(220) | Mapped "{[/item/save],methods=[POST],params=[],headers=[],consumes=[],produces=[],custom=[]}" onto public com.hpetshop.utils.Result com.hpetshop.controller.ItemController.saveItem(com.hpetshop.pojo.HpItem,java.lang.String,java.lang.String)
2018-04-01 20:00:41  INFO RequestMappingHandlerMapping.registerHandlerMethod(220) | Mapped "{[/item/delete],methods=[POST],params=[],headers=[],consumes=[],produces=[],custom=[]}" onto public com.hpetshop.utils.Result com.hpetshop.controller.ItemController.deleteItem(java.lang.String)
2018-04-01 20:00:41  INFO RequestMappingHandlerMapping.registerHandlerMethod(220) | Mapped "{[/item/update],methods=[POST],params=[],headers=[],consumes=[],produces=[],custom=[]}" onto public com.hpetshop.utils.Result com.hpetshop.controller.ItemController.updateItem(com.hpetshop.pojo.HpItem,java.lang.String)
2018-04-01 20:00:41  INFO RequestMappingHandlerMapping.registerHandlerMethod(220) | Mapped "{[/item/instock],methods=[],params=[],headers=[],consumes=[],produces=[],custom=[]}" onto public com.hpetshop.utils.Result com.hpetshop.controller.ItemController.updateItemInstock(java.lang.String)
2018-04-01 20:00:41  INFO RequestMappingHandlerMapping.registerHandlerMethod(220) | Mapped "{[/item/reshelf],methods=[],params=[],headers=[],consumes=[],produces=[],custom=[]}" onto public com.hpetshop.utils.Result com.hpetshop.controller.ItemController.updateItemReshelf(java.lang.String)
2018-04-01 20:00:41  INFO RequestMappingHandlerMapping.registerHandlerMethod(220) | Mapped "{[/item/param/query/itemcatid/{itemCatId}],methods=[],params=[],headers=[],consumes=[],produces=[],custom=[]}" onto public com.hpetshop.utils.Result com.hpetshop.controller.ItemParamController.findItemParamByItemCatId(java.lang.Long)
2018-04-01 20:00:41  INFO RequestMappingHandlerMapping.registerHandlerMethod(220) | Mapped "{[/item/param/save/{itemCatId}],methods=[],params=[],headers=[],consumes=[],produces=[],custom=[]}" onto public com.hpetshop.utils.Result com.hpetshop.controller.ItemParamController.insertItemParam(java.lang.Long,java.lang.String)
2018-04-01 20:00:41  INFO RequestMappingHandlerMapping.registerHandlerMethod(220) | Mapped "{[/show/item/{itemId}],methods=[],params=[],headers=[],consumes=[],produces=[],custom=[]}" onto public java.lang.String com.hpetshop.controller.ItemParamItemController.getItemParamItemById(java.lang.Long,org.springframework.ui.Model)
2018-04-01 20:00:41  INFO RequestMappingHandlerMapping.registerHandlerMethod(220) | Mapped "{[/],methods=[],params=[],headers=[],consumes=[],produces=[],custom=[]}" onto public java.lang.String com.hpetshop.controller.PageContorller.showIndex()
2018-04-01 20:00:41  INFO RequestMappingHandlerMapping.registerHandlerMethod(220) | Mapped "{[/{page}],methods=[],params=[],headers=[],consumes=[],produces=[],custom=[]}" onto public java.lang.String com.hpetshop.controller.PageContorller.showpage(java.lang.String)
2018-04-01 20:00:41  INFO RequestMappingHandlerMapping.registerHandlerMethod(220) | Mapped "{[/pic/upload],methods=[],params=[],headers=[],consumes=[],produces=[],custom=[]}" onto public java.lang.String com.hpetshop.controller.PicController.PicUpdate(org.springframework.web.multipart.MultipartFile)
2018-04-01 20:00:42  INFO RequestMappingHandlerAdapter.initControllerAdviceCache(518) | Looking for @ControllerAdvice: WebApplicationContext for namespace 'hpetshop-manager-servlet': startup date [Sun Apr 01 20:00:41 CST 2018]; parent: Root WebApplicationContext
2018-04-01 20:00:42  INFO RequestMappingHandlerAdapter.initControllerAdviceCache(518) | Looking for @ControllerAdvice: WebApplicationContext for namespace 'hpetshop-manager-servlet': startup date [Sun Apr 01 20:00:41 CST 2018]; parent: Root WebApplicationContext
2018-04-01 20:00:42  INFO SimpleUrlHandlerMapping.registerHandler(314) | Mapped URL path [/css/**] onto handler 'org.springframework.web.servlet.resource.ResourceHttpRequestHandler#0'
2018-04-01 20:00:42  INFO SimpleUrlHandlerMapping.registerHandler(314) | Mapped URL path [/js/**] onto handler 'org.springframework.web.servlet.resource.ResourceHttpRequestHandler#1'
2018-04-01 20:00:42  INFO SimpleUrlHandlerMapping.registerHandler(314) | Mapped URL path [/img/**] onto handler 'org.springframework.web.servlet.resource.ResourceHttpRequestHandler#2'
2018-04-01 20:00:42  INFO DispatcherServlet.initServletBean(503) | FrameworkServlet 'hpetshop-manager': initialization completed in 1283 ms
2018-04-01 20:01:36  INFO ItemService.updateItem(224) | 返回的json为{"status":200,"msg":"OK","data":null}
2018-04-01 20:05:04  INFO ContextLoader.initWebApplicationContext(285) | Root WebApplicationContext: initialization started
2018-04-01 20:05:04  INFO XmlWebApplicationContext.prepareRefresh(510) | Refreshing Root WebApplicationContext: startup date [Sun Apr 01 20:05:04 CST 2018]; root of context hierarchy
2018-04-01 20:05:04  INFO XmlBeanDefinitionReader.loadBeanDefinitions(317) | Loading XML bean definitions from file [C:\Users\Administrator\Desktop\临时文件夹\hj\hpetshop-manager\hpetshop-manager-web\target\classes\spring\applicationContext-dao.xml]
2018-04-01 20:05:05  INFO XmlBeanDefinitionReader.loadBeanDefinitions(317) | Loading XML bean definitions from file [C:\Users\Administrator\Desktop\临时文件夹\hj\hpetshop-manager\hpetshop-manager-web\target\classes\spring\applicationContext-service.xml]
2018-04-01 20:05:05  INFO PropertySourcesPlaceholderConfigurer.loadProperties(172) | Loading properties file from file [C:\Users\Administrator\Desktop\临时文件夹\hj\hpetshop-manager\hpetshop-manager-web\target\classes\resource\ftp.properties]
2018-04-01 20:05:05  INFO PropertySourcesPlaceholderConfigurer.loadProperties(172) | Loading properties file from file [C:\Users\Administrator\Desktop\临时文件夹\hj\hpetshop-manager\hpetshop-manager-web\target\classes\resource\jdbc.properties]
2018-04-01 20:05:05  INFO PropertySourcesPlaceholderConfigurer.loadProperties(172) | Loading properties file from file [C:\Users\Administrator\Desktop\临时文件夹\hj\hpetshop-manager\hpetshop-manager-web\target\classes\resource\redis.properties]
2018-04-01 20:05:05  INFO PropertySourcesPlaceholderConfigurer.loadProperties(172) | Loading properties file from file [C:\Users\Administrator\Desktop\临时文件夹\hj\hpetshop-manager\hpetshop-manager-web\target\classes\resource\solr.properties]
2018-04-01 20:05:05  INFO AutowiredAnnotationBeanPostProcessor.<init>(153) | JSR-330 'javax.inject.Inject' annotation found and supported for autowiring
2018-04-01 20:05:07  INFO ContextLoader.initWebApplicationContext(325) | Root WebApplicationContext: initialization completed in 2694 ms
2018-04-01 20:05:07  INFO DispatcherServlet.initServletBean(484) | FrameworkServlet 'hpetshop-manager': initialization started
2018-04-01 20:05:07  INFO XmlWebApplicationContext.prepareRefresh(510) | Refreshing WebApplicationContext for namespace 'hpetshop-manager-servlet': startup date [Sun Apr 01 20:05:07 CST 2018]; parent: Root WebApplicationContext
2018-04-01 20:05:07  INFO XmlBeanDefinitionReader.loadBeanDefinitions(317) | Loading XML bean definitions from class path resource [spring/springmvc.xml]
2018-04-01 20:05:07  INFO AutowiredAnnotationBeanPostProcessor.<init>(153) | JSR-330 'javax.inject.Inject' annotation found and supported for autowiring
2018-04-01 20:05:08  INFO RequestMappingHandlerMapping.registerHandlerMethod(220) | Mapped "{[/content/category/list],methods=[],params=[],headers=[],consumes=[],produces=[],custom=[]}" onto public java.util.List<com.hpetshop.dto.CMSTreeNodeDTO> com.hpetshop.controller.ContentcategoryController.getContentcategroy(java.lang.Long)
2018-04-01 20:05:08  INFO RequestMappingHandlerMapping.registerHandlerMethod(220) | Mapped "{[/content/category/create],methods=[],params=[],headers=[],consumes=[],produces=[],custom=[]}" onto public com.hpetshop.utils.Result com.hpetshop.controller.ContentcategoryController.insertContentcategroy(java.lang.Long,java.lang.String)
2018-04-01 20:05:08  INFO RequestMappingHandlerMapping.registerHandlerMethod(220) | Mapped "{[/content/category/update],methods=[],params=[],headers=[],consumes=[],produces=[],custom=[]}" onto public com.hpetshop.utils.Result com.hpetshop.controller.ContentcategoryController.updateContentcategroyName(java.lang.Long,java.lang.String)
2018-04-01 20:05:08  INFO RequestMappingHandlerMapping.registerHandlerMethod(220) | Mapped "{[/content/category/delete],methods=[],params=[],headers=[],consumes=[],produces=[],custom=[]}" onto public com.hpetshop.utils.Result com.hpetshop.controller.ContentcategoryController.deleteContentcategroy(long)
2018-04-01 20:05:08  INFO RequestMappingHandlerMapping.registerHandlerMethod(220) | Mapped "{[/content/query/list],methods=[],params=[],headers=[],consumes=[],produces=[],custom=[]}" onto public com.hpetshop.dto.AllPageDTO com.hpetshop.controller.ContentController.getContent(java.lang.Integer,java.lang.Integer,java.lang.Long)
2018-04-01 20:05:08  INFO RequestMappingHandlerMapping.registerHandlerMethod(220) | Mapped "{[/content/delete],methods=[],params=[],headers=[],consumes=[],produces=[],custom=[]}" onto public com.hpetshop.utils.Result com.hpetshop.controller.ContentController.deleteConent(java.lang.String)
2018-04-01 20:05:08  INFO RequestMappingHandlerMapping.registerHandlerMethod(220) | Mapped "{[/rest/content/edit],methods=[],params=[],headers=[],consumes=[],produces=[],custom=[]}" onto public com.hpetshop.utils.Result com.hpetshop.controller.ContentController.updateContent(com.hpetshop.pojo.HpContent)
2018-04-01 20:05:08  INFO RequestMappingHandlerMapping.registerHandlerMethod(220) | Mapped "{[/content/save],methods=[],params=[],headers=[],consumes=[],produces=[],custom=[]}" onto public com.hpetshop.utils.Result com.hpetshop.controller.ContentController.saveContent(com.hpetshop.pojo.HpContent)
2018-04-01 20:05:08  INFO RequestMappingHandlerMapping.registerHandlerMethod(220) | Mapped "{[/item/cat/list],methods=[],params=[],headers=[],consumes=[],produces=[],custom=[]}" onto public java.util.List<com.hpetshop.dto.TypeNodeDTO> com.hpetshop.controller.ItemCatController.getItemCatList(java.lang.Long)
2018-04-01 20:05:08  INFO RequestMappingHandlerMapping.registerHandlerMethod(220) | Mapped "{[/item/instock],methods=[],params=[],headers=[],consumes=[],produces=[],custom=[]}" onto public com.hpetshop.utils.Result com.hpetshop.controller.ItemController.updateItemInstock(java.lang.String)
2018-04-01 20:05:08  INFO RequestMappingHandlerMapping.registerHandlerMethod(220) | Mapped "{[/item/reshelf],methods=[],params=[],headers=[],consumes=[],produces=[],custom=[]}" onto public com.hpetshop.utils.Result com.hpetshop.controller.ItemController.updateItemReshelf(java.lang.String)
2018-04-01 20:05:08  INFO RequestMappingHandlerMapping.registerHandlerMethod(220) | Mapped "{[/item/{itemId}],methods=[],params=[],headers=[],consumes=[],produces=[],custom=[]}" onto public com.hpetshop.pojo.HpItem com.hpetshop.controller.ItemController.getItemById(java.lang.Long)
2018-04-01 20:05:08  INFO RequestMappingHandlerMapping.registerHandlerMethod(220) | Mapped "{[/item/list],methods=[],params=[],headers=[],consumes=[],produces=[],custom=[]}" onto public com.hpetshop.dto.AllPageDTO com.hpetshop.controller.ItemController.getItemList(java.lang.Integer,java.lang.Integer)
2018-04-01 20:05:08  INFO RequestMappingHandlerMapping.registerHandlerMethod(220) | Mapped "{[/item/save],methods=[POST],params=[],headers=[],consumes=[],produces=[],custom=[]}" onto public com.hpetshop.utils.Result com.hpetshop.controller.ItemController.saveItem(com.hpetshop.pojo.HpItem,java.lang.String,java.lang.String)
2018-04-01 20:05:08  INFO RequestMappingHandlerMapping.registerHandlerMethod(220) | Mapped "{[/item/delete],methods=[POST],params=[],headers=[],consumes=[],produces=[],custom=[]}" onto public com.hpetshop.utils.Result com.hpetshop.controller.ItemController.deleteItem(java.lang.String)
2018-04-01 20:05:08  INFO RequestMappingHandlerMapping.registerHandlerMethod(220) | Mapped "{[/item/update],methods=[POST],params=[],headers=[],consumes=[],produces=[],custom=[]}" onto public com.hpetshop.utils.Result com.hpetshop.controller.ItemController.updateItem(com.hpetshop.pojo.HpItem,java.lang.String)
2018-04-01 20:05:08  INFO RequestMappingHandlerMapping.registerHandlerMethod(220) | Mapped "{[/item/param/query/itemcatid/{itemCatId}],methods=[],params=[],headers=[],consumes=[],produces=[],custom=[]}" onto public com.hpetshop.utils.Result com.hpetshop.controller.ItemParamController.findItemParamByItemCatId(java.lang.Long)
2018-04-01 20:05:08  INFO RequestMappingHandlerMapping.registerHandlerMethod(220) | Mapped "{[/item/param/save/{itemCatId}],methods=[],params=[],headers=[],consumes=[],produces=[],custom=[]}" onto public com.hpetshop.utils.Result com.hpetshop.controller.ItemParamController.insertItemParam(java.lang.Long,java.lang.String)
2018-04-01 20:05:08  INFO RequestMappingHandlerMapping.registerHandlerMethod(220) | Mapped "{[/show/item/{itemId}],methods=[],params=[],headers=[],consumes=[],produces=[],custom=[]}" onto public java.lang.String com.hpetshop.controller.ItemParamItemController.getItemParamItemById(java.lang.Long,org.springframework.ui.Model)
2018-04-01 20:05:08  INFO RequestMappingHandlerMapping.registerHandlerMethod(220) | Mapped "{[/],methods=[],params=[],headers=[],consumes=[],produces=[],custom=[]}" onto public java.lang.String com.hpetshop.controller.PageContorller.showIndex()
2018-04-01 20:05:08  INFO RequestMappingHandlerMapping.registerHandlerMethod(220) | Mapped "{[/{page}],methods=[],params=[],headers=[],consumes=[],produces=[],custom=[]}" onto public java.lang.String com.hpetshop.controller.PageContorller.showpage(java.lang.String)
2018-04-01 20:05:08  INFO RequestMappingHandlerMapping.registerHandlerMethod(220) | Mapped "{[/pic/upload],methods=[],params=[],headers=[],consumes=[],produces=[],custom=[]}" onto public java.lang.String com.hpetshop.controller.PicController.PicUpdate(org.springframework.web.multipart.MultipartFile)
2018-04-01 20:05:08  INFO RequestMappingHandlerAdapter.initControllerAdviceCache(518) | Looking for @ControllerAdvice: WebApplicationContext for namespace 'hpetshop-manager-servlet': startup date [Sun Apr 01 20:05:07 CST 2018]; parent: Root WebApplicationContext
2018-04-01 20:05:08  INFO RequestMappingHandlerAdapter.initControllerAdviceCache(518) | Looking for @ControllerAdvice: WebApplicationContext for namespace 'hpetshop-manager-servlet': startup date [Sun Apr 01 20:05:07 CST 2018]; parent: Root WebApplicationContext
2018-04-01 20:05:08  INFO SimpleUrlHandlerMapping.registerHandler(314) | Mapped URL path [/css/**] onto handler 'org.springframework.web.servlet.resource.ResourceHttpRequestHandler#0'
2018-04-01 20:05:08  INFO SimpleUrlHandlerMapping.registerHandler(314) | Mapped URL path [/js/**] onto handler 'org.springframework.web.servlet.resource.ResourceHttpRequestHandler#1'
2018-04-01 20:05:08  INFO SimpleUrlHandlerMapping.registerHandler(314) | Mapped URL path [/img/**] onto handler 'org.springframework.web.servlet.resource.ResourceHttpRequestHandler#2'
2018-04-01 20:05:08  INFO DispatcherServlet.initServletBean(503) | FrameworkServlet 'hpetshop-manager': initialization completed in 1237 ms
2018-04-01 20:05:26  INFO ItemService.updateSolr(263) | 返回的json为{"status":200,"msg":"OK","data":null}
2018-04-01 20:05:41  INFO ItemService.updateSolr(263) | 返回的json为{"status":200,"msg":"OK","data":null}
2018-04-01 20:05:59  INFO ItemService.updateSolr(263) | 返回的json为{"status":200,"msg":"OK","data":null}
2018-04-01 20:08:34  INFO ContextLoader.initWebApplicationContext(285) | Root WebApplicationContext: initialization started
2018-04-01 20:08:34  INFO XmlWebApplicationContext.prepareRefresh(510) | Refreshing Root WebApplicationContext: startup date [Sun Apr 01 20:08:34 CST 2018]; root of context hierarchy
2018-04-01 20:08:34  INFO XmlBeanDefinitionReader.loadBeanDefinitions(317) | Loading XML bean definitions from file [C:\Users\Administrator\Desktop\临时文件夹\hj\hpetshop-manager\hpetshop-manager-web\target\classes\spring\applicationContext-dao.xml]
2018-04-01 20:08:34  INFO XmlBeanDefinitionReader.loadBeanDefinitions(317) | Loading XML bean definitions from file [C:\Users\Administrator\Desktop\临时文件夹\hj\hpetshop-manager\hpetshop-manager-web\target\classes\spring\applicationContext-service.xml]
2018-04-01 20:08:35  INFO PropertySourcesPlaceholderConfigurer.loadProperties(172) | Loading properties file from file [C:\Users\Administrator\Desktop\临时文件夹\hj\hpetshop-manager\hpetshop-manager-web\target\classes\resource\ftp.properties]
2018-04-01 20:08:35  INFO PropertySourcesPlaceholderConfigurer.loadProperties(172) | Loading properties file from file [C:\Users\Administrator\Desktop\临时文件夹\hj\hpetshop-manager\hpetshop-manager-web\target\classes\resource\jdbc.properties]
2018-04-01 20:08:35  INFO PropertySourcesPlaceholderConfigurer.loadProperties(172) | Loading properties file from file [C:\Users\Administrator\Desktop\临时文件夹\hj\hpetshop-manager\hpetshop-manager-web\target\classes\resource\redis.properties]
2018-04-01 20:08:35  INFO PropertySourcesPlaceholderConfigurer.loadProperties(172) | Loading properties file from file [C:\Users\Administrator\Desktop\临时文件夹\hj\hpetshop-manager\hpetshop-manager-web\target\classes\resource\solr.properties]
2018-04-01 20:08:35  INFO AutowiredAnnotationBeanPostProcessor.<init>(153) | JSR-330 'javax.inject.Inject' annotation found and supported for autowiring
2018-04-01 20:08:36  INFO ContextLoader.initWebApplicationContext(325) | Root WebApplicationContext: initialization completed in 2678 ms
2018-04-01 20:08:37  INFO DispatcherServlet.initServletBean(484) | FrameworkServlet 'hpetshop-manager': initialization started
2018-04-01 20:08:37  INFO XmlWebApplicationContext.prepareRefresh(510) | Refreshing WebApplicationContext for namespace 'hpetshop-manager-servlet': startup date [Sun Apr 01 20:08:37 CST 2018]; parent: Root WebApplicationContext
2018-04-01 20:08:37  INFO XmlBeanDefinitionReader.loadBeanDefinitions(317) | Loading XML bean definitions from class path resource [spring/springmvc.xml]
2018-04-01 20:08:37  INFO AutowiredAnnotationBeanPostProcessor.<init>(153) | JSR-330 'javax.inject.Inject' annotation found and supported for autowiring
2018-04-01 20:08:37  INFO RequestMappingHandlerMapping.registerHandlerMethod(220) | Mapped "{[/content/category/list],methods=[],params=[],headers=[],consumes=[],produces=[],custom=[]}" onto public java.util.List<com.hpetshop.dto.CMSTreeNodeDTO> com.hpetshop.controller.ContentcategoryController.getContentcategroy(java.lang.Long)
2018-04-01 20:08:37  INFO RequestMappingHandlerMapping.registerHandlerMethod(220) | Mapped "{[/content/category/create],methods=[],params=[],headers=[],consumes=[],produces=[],custom=[]}" onto public com.hpetshop.utils.Result com.hpetshop.controller.ContentcategoryController.insertContentcategroy(java.lang.Long,java.lang.String)
2018-04-01 20:08:37  INFO RequestMappingHandlerMapping.registerHandlerMethod(220) | Mapped "{[/content/category/update],methods=[],params=[],headers=[],consumes=[],produces=[],custom=[]}" onto public com.hpetshop.utils.Result com.hpetshop.controller.ContentcategoryController.updateContentcategroyName(java.lang.Long,java.lang.String)
2018-04-01 20:08:37  INFO RequestMappingHandlerMapping.registerHandlerMethod(220) | Mapped "{[/content/category/delete],methods=[],params=[],headers=[],consumes=[],produces=[],custom=[]}" onto public com.hpetshop.utils.Result com.hpetshop.controller.ContentcategoryController.deleteContentcategroy(long)
2018-04-01 20:08:37  INFO RequestMappingHandlerMapping.registerHandlerMethod(220) | Mapped "{[/content/query/list],methods=[],params=[],headers=[],consumes=[],produces=[],custom=[]}" onto public com.hpetshop.dto.AllPageDTO com.hpetshop.controller.ContentController.getContent(java.lang.Integer,java.lang.Integer,java.lang.Long)
2018-04-01 20:08:37  INFO RequestMappingHandlerMapping.registerHandlerMethod(220) | Mapped "{[/rest/content/edit],methods=[],params=[],headers=[],consumes=[],produces=[],custom=[]}" onto public com.hpetshop.utils.Result com.hpetshop.controller.ContentController.updateContent(com.hpetshop.pojo.HpContent)
2018-04-01 20:08:37  INFO RequestMappingHandlerMapping.registerHandlerMethod(220) | Mapped "{[/content/save],methods=[],params=[],headers=[],consumes=[],produces=[],custom=[]}" onto public com.hpetshop.utils.Result com.hpetshop.controller.ContentController.saveContent(com.hpetshop.pojo.HpContent)
2018-04-01 20:08:37  INFO RequestMappingHandlerMapping.registerHandlerMethod(220) | Mapped "{[/content/delete],methods=[],params=[],headers=[],consumes=[],produces=[],custom=[]}" onto public com.hpetshop.utils.Result com.hpetshop.controller.ContentController.deleteConent(java.lang.String)
2018-04-01 20:08:37  INFO RequestMappingHandlerMapping.registerHandlerMethod(220) | Mapped "{[/item/cat/list],methods=[],params=[],headers=[],consumes=[],produces=[],custom=[]}" onto public java.util.List<com.hpetshop.dto.TypeNodeDTO> com.hpetshop.controller.ItemCatController.getItemCatList(java.lang.Long)
2018-04-01 20:08:37  INFO RequestMappingHandlerMapping.registerHandlerMethod(220) | Mapped "{[/item/instock],methods=[],params=[],headers=[],consumes=[],produces=[],custom=[]}" onto public com.hpetshop.utils.Result com.hpetshop.controller.ItemController.updateItemInstock(java.lang.String)
2018-04-01 20:08:37  INFO RequestMappingHandlerMapping.registerHandlerMethod(220) | Mapped "{[/item/reshelf],methods=[],params=[],headers=[],consumes=[],produces=[],custom=[]}" onto public com.hpetshop.utils.Result com.hpetshop.controller.ItemController.updateItemReshelf(java.lang.String)
2018-04-01 20:08:37  INFO RequestMappingHandlerMapping.registerHandlerMethod(220) | Mapped "{[/item/save],methods=[POST],params=[],headers=[],consumes=[],produces=[],custom=[]}" onto public com.hpetshop.utils.Result com.hpetshop.controller.ItemController.saveItem(com.hpetshop.pojo.HpItem,java.lang.String,java.lang.String)
2018-04-01 20:08:37  INFO RequestMappingHandlerMapping.registerHandlerMethod(220) | Mapped "{[/item/{itemId}],methods=[],params=[],headers=[],consumes=[],produces=[],custom=[]}" onto public com.hpetshop.pojo.HpItem com.hpetshop.controller.ItemController.getItemById(java.lang.Long)
2018-04-01 20:08:37  INFO RequestMappingHandlerMapping.registerHandlerMethod(220) | Mapped "{[/item/list],methods=[],params=[],headers=[],consumes=[],produces=[],custom=[]}" onto public com.hpetshop.dto.AllPageDTO com.hpetshop.controller.ItemController.getItemList(java.lang.Integer,java.lang.Integer)
2018-04-01 20:08:37  INFO RequestMappingHandlerMapping.registerHandlerMethod(220) | Mapped "{[/item/delete],methods=[POST],params=[],headers=[],consumes=[],produces=[],custom=[]}" onto public com.hpetshop.utils.Result com.hpetshop.controller.ItemController.deleteItem(java.lang.String)
2018-04-01 20:08:37  INFO RequestMappingHandlerMapping.registerHandlerMethod(220) | Mapped "{[/item/update],methods=[POST],params=[],headers=[],consumes=[],produces=[],custom=[]}" onto public com.hpetshop.utils.Result com.hpetshop.controller.ItemController.updateItem(com.hpetshop.pojo.HpItem,java.lang.String)
2018-04-01 20:08:37  INFO RequestMappingHandlerMapping.registerHandlerMethod(220) | Mapped "{[/item/param/query/itemcatid/{itemCatId}],methods=[],params=[],headers=[],consumes=[],produces=[],custom=[]}" onto public com.hpetshop.utils.Result com.hpetshop.controller.ItemParamController.findItemParamByItemCatId(java.lang.Long)
2018-04-01 20:08:37  INFO RequestMappingHandlerMapping.registerHandlerMethod(220) | Mapped "{[/item/param/save/{itemCatId}],methods=[],params=[],headers=[],consumes=[],produces=[],custom=[]}" onto public com.hpetshop.utils.Result com.hpetshop.controller.ItemParamController.insertItemParam(java.lang.Long,java.lang.String)
2018-04-01 20:08:37  INFO RequestMappingHandlerMapping.registerHandlerMethod(220) | Mapped "{[/show/item/{itemId}],methods=[],params=[],headers=[],consumes=[],produces=[],custom=[]}" onto public java.lang.String com.hpetshop.controller.ItemParamItemController.getItemParamItemById(java.lang.Long,org.springframework.ui.Model)
2018-04-01 20:08:37  INFO RequestMappingHandlerMapping.registerHandlerMethod(220) | Mapped "{[/{page}],methods=[],params=[],headers=[],consumes=[],produces=[],custom=[]}" onto public java.lang.String com.hpetshop.controller.PageContorller.showpage(java.lang.String)
2018-04-01 20:08:37  INFO RequestMappingHandlerMapping.registerHandlerMethod(220) | Mapped "{[/],methods=[],params=[],headers=[],consumes=[],produces=[],custom=[]}" onto public java.lang.String com.hpetshop.controller.PageContorller.showIndex()
2018-04-01 20:08:37  INFO RequestMappingHandlerMapping.registerHandlerMethod(220) | Mapped "{[/pic/upload],methods=[],params=[],headers=[],consumes=[],produces=[],custom=[]}" onto public java.lang.String com.hpetshop.controller.PicController.PicUpdate(org.springframework.web.multipart.MultipartFile)
2018-04-01 20:08:37  INFO RequestMappingHandlerAdapter.initControllerAdviceCache(518) | Looking for @ControllerAdvice: WebApplicationContext for namespace 'hpetshop-manager-servlet': startup date [Sun Apr 01 20:08:37 CST 2018]; parent: Root WebApplicationContext
2018-04-01 20:08:38  INFO RequestMappingHandlerAdapter.initControllerAdviceCache(518) | Looking for @ControllerAdvice: WebApplicationContext for namespace 'hpetshop-manager-servlet': startup date [Sun Apr 01 20:08:37 CST 2018]; parent: Root WebApplicationContext
2018-04-01 20:08:38  INFO SimpleUrlHandlerMapping.registerHandler(314) | Mapped URL path [/css/**] onto handler 'org.springframework.web.servlet.resource.ResourceHttpRequestHandler#0'
2018-04-01 20:08:38  INFO SimpleUrlHandlerMapping.registerHandler(314) | Mapped URL path [/js/**] onto handler 'org.springframework.web.servlet.resource.ResourceHttpRequestHandler#1'
2018-04-01 20:08:38  INFO SimpleUrlHandlerMapping.registerHandler(314) | Mapped URL path [/img/**] onto handler 'org.springframework.web.servlet.resource.ResourceHttpRequestHandler#2'
2018-04-01 20:08:38  INFO DispatcherServlet.initServletBean(503) | FrameworkServlet 'hpetshop-manager': initialization completed in 1283 ms
2018-04-01 20:12:18  INFO ContextLoader.initWebApplicationContext(285) | Root WebApplicationContext: initialization started
2018-04-01 20:12:19  INFO XmlWebApplicationContext.prepareRefresh(510) | Refreshing Root WebApplicationContext: startup date [Sun Apr 01 20:12:19 CST 2018]; root of context hierarchy
2018-04-01 20:12:19  INFO XmlBeanDefinitionReader.loadBeanDefinitions(317) | Loading XML bean definitions from file [C:\Users\Administrator\Desktop\临时文件夹\hj\hpetshop-manager\hpetshop-manager-web\target\classes\spring\applicationContext-dao.xml]
2018-04-01 20:12:19  INFO XmlBeanDefinitionReader.loadBeanDefinitions(317) | Loading XML bean definitions from file [C:\Users\Administrator\Desktop\临时文件夹\hj\hpetshop-manager\hpetshop-manager-web\target\classes\spring\applicationContext-service.xml]
2018-04-01 20:12:19  INFO PropertySourcesPlaceholderConfigurer.loadProperties(172) | Loading properties file from file [C:\Users\Administrator\Desktop\临时文件夹\hj\hpetshop-manager\hpetshop-manager-web\target\classes\resource\ftp.properties]
2018-04-01 20:12:19  INFO PropertySourcesPlaceholderConfigurer.loadProperties(172) | Loading properties file from file [C:\Users\Administrator\Desktop\临时文件夹\hj\hpetshop-manager\hpetshop-manager-web\target\classes\resource\jdbc.properties]
2018-04-01 20:12:19  INFO PropertySourcesPlaceholderConfigurer.loadProperties(172) | Loading properties file from file [C:\Users\Administrator\Desktop\临时文件夹\hj\hpetshop-manager\hpetshop-manager-web\target\classes\resource\redis.properties]
2018-04-01 20:12:19  INFO PropertySourcesPlaceholderConfigurer.loadProperties(172) | Loading properties file from file [C:\Users\Administrator\Desktop\临时文件夹\hj\hpetshop-manager\hpetshop-manager-web\target\classes\resource\solr.properties]
2018-04-01 20:12:19  INFO AutowiredAnnotationBeanPostProcessor.<init>(153) | JSR-330 'javax.inject.Inject' annotation found and supported for autowiring
2018-04-01 20:12:21  INFO ContextLoader.initWebApplicationContext(325) | Root WebApplicationContext: initialization completed in 2725 ms
2018-04-01 20:12:21  INFO DispatcherServlet.initServletBean(484) | FrameworkServlet 'hpetshop-manager': initialization started
2018-04-01 20:12:21  INFO XmlWebApplicationContext.prepareRefresh(510) | Refreshing WebApplicationContext for namespace 'hpetshop-manager-servlet': startup date [Sun Apr 01 20:12:21 CST 2018]; parent: Root WebApplicationContext
2018-04-01 20:12:21  INFO XmlBeanDefinitionReader.loadBeanDefinitions(317) | Loading XML bean definitions from class path resource [spring/springmvc.xml]
2018-04-01 20:12:21  INFO AutowiredAnnotationBeanPostProcessor.<init>(153) | JSR-330 'javax.inject.Inject' annotation found and supported for autowiring
2018-04-01 20:12:22  INFO RequestMappingHandlerMapping.registerHandlerMethod(220) | Mapped "{[/content/category/list],methods=[],params=[],headers=[],consumes=[],produces=[],custom=[]}" onto public java.util.List<com.hpetshop.dto.CMSTreeNodeDTO> com.hpetshop.controller.ContentcategoryController.getContentcategroy(java.lang.Long)
2018-04-01 20:12:22  INFO RequestMappingHandlerMapping.registerHandlerMethod(220) | Mapped "{[/content/category/create],methods=[],params=[],headers=[],consumes=[],produces=[],custom=[]}" onto public com.hpetshop.utils.Result com.hpetshop.controller.ContentcategoryController.insertContentcategroy(java.lang.Long,java.lang.String)
2018-04-01 20:12:22  INFO RequestMappingHandlerMapping.registerHandlerMethod(220) | Mapped "{[/content/category/update],methods=[],params=[],headers=[],consumes=[],produces=[],custom=[]}" onto public com.hpetshop.utils.Result com.hpetshop.controller.ContentcategoryController.updateContentcategroyName(java.lang.Long,java.lang.String)
2018-04-01 20:12:22  INFO RequestMappingHandlerMapping.registerHandlerMethod(220) | Mapped "{[/content/category/delete],methods=[],params=[],headers=[],consumes=[],produces=[],custom=[]}" onto public com.hpetshop.utils.Result com.hpetshop.controller.ContentcategoryController.deleteContentcategroy(long)
2018-04-01 20:12:22  INFO RequestMappingHandlerMapping.registerHandlerMethod(220) | Mapped "{[/content/query/list],methods=[],params=[],headers=[],consumes=[],produces=[],custom=[]}" onto public com.hpetshop.dto.AllPageDTO com.hpetshop.controller.ContentController.getContent(java.lang.Integer,java.lang.Integer,java.lang.Long)
2018-04-01 20:12:22  INFO RequestMappingHandlerMapping.registerHandlerMethod(220) | Mapped "{[/content/delete],methods=[],params=[],headers=[],consumes=[],produces=[],custom=[]}" onto public com.hpetshop.utils.Result com.hpetshop.controller.ContentController.deleteConent(java.lang.String)
2018-04-01 20:12:22  INFO RequestMappingHandlerMapping.registerHandlerMethod(220) | Mapped "{[/rest/content/edit],methods=[],params=[],headers=[],consumes=[],produces=[],custom=[]}" onto public com.hpetshop.utils.Result com.hpetshop.controller.ContentController.updateContent(com.hpetshop.pojo.HpContent)
2018-04-01 20:12:22  INFO RequestMappingHandlerMapping.registerHandlerMethod(220) | Mapped "{[/content/save],methods=[],params=[],headers=[],consumes=[],produces=[],custom=[]}" onto public com.hpetshop.utils.Result com.hpetshop.controller.ContentController.saveContent(com.hpetshop.pojo.HpContent)
2018-04-01 20:12:22  INFO RequestMappingHandlerMapping.registerHandlerMethod(220) | Mapped "{[/item/cat/list],methods=[],params=[],headers=[],consumes=[],produces=[],custom=[]}" onto public java.util.List<com.hpetshop.dto.TypeNodeDTO> com.hpetshop.controller.ItemCatController.getItemCatList(java.lang.Long)
2018-04-01 20:12:22  INFO RequestMappingHandlerMapping.registerHandlerMethod(220) | Mapped "{[/item/instock],methods=[],params=[],headers=[],consumes=[],produces=[],custom=[]}" onto public com.hpetshop.utils.Result com.hpetshop.controller.ItemController.updateItemInstock(java.lang.String)
2018-04-01 20:12:22  INFO RequestMappingHandlerMapping.registerHandlerMethod(220) | Mapped "{[/item/reshelf],methods=[],params=[],headers=[],consumes=[],produces=[],custom=[]}" onto public com.hpetshop.utils.Result com.hpetshop.controller.ItemController.updateItemReshelf(java.lang.String)
2018-04-01 20:12:22  INFO RequestMappingHandlerMapping.registerHandlerMethod(220) | Mapped "{[/item/save],methods=[POST],params=[],headers=[],consumes=[],produces=[],custom=[]}" onto public com.hpetshop.utils.Result com.hpetshop.controller.ItemController.saveItem(com.hpetshop.pojo.HpItem,java.lang.String,java.lang.String)
2018-04-01 20:12:22  INFO RequestMappingHandlerMapping.registerHandlerMethod(220) | Mapped "{[/item/{itemId}],methods=[],params=[],headers=[],consumes=[],produces=[],custom=[]}" onto public com.hpetshop.pojo.HpItem com.hpetshop.controller.ItemController.getItemById(java.lang.Long)
2018-04-01 20:12:22  INFO RequestMappingHandlerMapping.registerHandlerMethod(220) | Mapped "{[/item/list],methods=[],params=[],headers=[],consumes=[],produces=[],custom=[]}" onto public com.hpetshop.dto.AllPageDTO com.hpetshop.controller.ItemController.getItemList(java.lang.Integer,java.lang.Integer)
2018-04-01 20:12:22  INFO RequestMappingHandlerMapping.registerHandlerMethod(220) | Mapped "{[/item/delete],methods=[POST],params=[],headers=[],consumes=[],produces=[],custom=[]}" onto public com.hpetshop.utils.Result com.hpetshop.controller.ItemController.deleteItem(java.lang.String)
2018-04-01 20:12:22  INFO RequestMappingHandlerMapping.registerHandlerMethod(220) | Mapped "{[/item/update],methods=[POST],params=[],headers=[],consumes=[],produces=[],custom=[]}" onto public com.hpetshop.utils.Result com.hpetshop.controller.ItemController.updateItem(com.hpetshop.pojo.HpItem,java.lang.String)
2018-04-01 20:12:22  INFO RequestMappingHandlerMapping.registerHandlerMethod(220) | Mapped "{[/item/param/query/itemcatid/{itemCatId}],methods=[],params=[],headers=[],consumes=[],produces=[],custom=[]}" onto public com.hpetshop.utils.Result com.hpetshop.controller.ItemParamController.findItemParamByItemCatId(java.lang.Long)
2018-04-01 20:12:22  INFO RequestMappingHandlerMapping.registerHandlerMethod(220) | Mapped "{[/item/param/save/{itemCatId}],methods=[],params=[],headers=[],consumes=[],produces=[],custom=[]}" onto public com.hpetshop.utils.Result com.hpetshop.controller.ItemParamController.insertItemParam(java.lang.Long,java.lang.String)
2018-04-01 20:12:22  INFO RequestMappingHandlerMapping.registerHandlerMethod(220) | Mapped "{[/show/item/{itemId}],methods=[],params=[],headers=[],consumes=[],produces=[],custom=[]}" onto public java.lang.String com.hpetshop.controller.ItemParamItemController.getItemParamItemById(java.lang.Long,org.springframework.ui.Model)
2018-04-01 20:12:22  INFO RequestMappingHandlerMapping.registerHandlerMethod(220) | Mapped "{[/],methods=[],params=[],headers=[],consumes=[],produces=[],custom=[]}" onto public java.lang.String com.hpetshop.controller.PageContorller.showIndex()
2018-04-01 20:12:22  INFO RequestMappingHandlerMapping.registerHandlerMethod(220) | Mapped "{[/{page}],methods=[],params=[],headers=[],consumes=[],produces=[],custom=[]}" onto public java.lang.String com.hpetshop.controller.PageContorller.showpage(java.lang.String)
2018-04-01 20:12:22  INFO RequestMappingHandlerMapping.registerHandlerMethod(220) | Mapped "{[/pic/upload],methods=[],params=[],headers=[],consumes=[],produces=[],custom=[]}" onto public java.lang.String com.hpetshop.controller.PicController.PicUpdate(org.springframework.web.multipart.MultipartFile)
2018-04-01 20:12:22  INFO RequestMappingHandlerAdapter.initControllerAdviceCache(518) | Looking for @ControllerAdvice: WebApplicationContext for namespace 'hpetshop-manager-servlet': startup date [Sun Apr 01 20:12:21 CST 2018]; parent: Root WebApplicationContext
2018-04-01 20:12:22  INFO RequestMappingHandlerAdapter.initControllerAdviceCache(518) | Looking for @ControllerAdvice: WebApplicationContext for namespace 'hpetshop-manager-servlet': startup date [Sun Apr 01 20:12:21 CST 2018]; parent: Root WebApplicationContext
2018-04-01 20:12:22  INFO SimpleUrlHandlerMapping.registerHandler(314) | Mapped URL path [/css/**] onto handler 'org.springframework.web.servlet.resource.ResourceHttpRequestHandler#0'
2018-04-01 20:12:22  INFO SimpleUrlHandlerMapping.registerHandler(314) | Mapped URL path [/js/**] onto handler 'org.springframework.web.servlet.resource.ResourceHttpRequestHandler#1'
2018-04-01 20:12:22  INFO SimpleUrlHandlerMapping.registerHandler(314) | Mapped URL path [/img/**] onto handler 'org.springframework.web.servlet.resource.ResourceHttpRequestHandler#2'
2018-04-01 20:12:23  INFO DispatcherServlet.initServletBean(503) | FrameworkServlet 'hpetshop-manager': initialization completed in 1318 ms
2018-04-01 20:13:50  INFO ItemService.updateSolr(262) | 返回的json为{"status":200,"msg":"OK","data":null}
